<?xml version="1.0" encoding="UTF-8"?>
<!-- Generated by org.testng.reporters.JUnitXMLReporter -->
<testsuite ignored="0" hostname="Esraa" failures="0" tests="11" name="AutomationPractice" time="220.13" errors="0" timestamp="2022-09-15T09:10:28 EET">
  <testcase classname="AutomationPracticeTCs.EndToEndScenario" name="SignIn" time="2.831"/>
  <testcase classname="AutomationPracticeTCs.EndToEndScenario" name="CreateAccount" time="0.298"/>
  <testcase classname="AutomationPracticeTCs.EndToEndScenario" name="SetPersonalInfo" time="25.276"/>
  <testcase classname="AutomationPracticeTCs.EndToEndScenario" name="SelectWomenMenu" time="11.049"/>
  <testcase classname="AutomationPracticeTCs.EndToEndScenario" name="AddToCartPage" time="29.488"/>
  <testcase classname="AutomationPracticeTCs.EndToEndScenario" name="CheckOut" time="21.707"/>
  <testcase classname="AutomationPracticeTCs.EndToEndScenario" name="DeliveryAdress" time="21.808"/>
  <testcase classname="AutomationPracticeTCs.EndToEndScenario" name="Shipment" time="22.847"/>
  <testcase classname="AutomationPracticeTCs.EndToEndScenario" name="BankPay" time="21.77"/>
  <testcase classname="AutomationPracticeTCs.EndToEndScenario" name="OrderSummary" time="23.83"/>
  <testcase classname="AutomationPracticeTCs.EndToEndScenario" name="ConfirmPayment" time="22.429"/>
</testsuite> <!-- AutomationPractice -->
