<?xml version="1.0" encoding="UTF-8"?>
<testng-results ignored="0" total="17" passed="17" failed="0" skipped="0">
  <reporter-output>
  </reporter-output>
  <suite started-at="2022-09-17T09:29:28 EET" name="All Test Suite" finished-at="2022-09-17T09:31:52 EET" duration-ms="144145">
    <groups>
    </groups>
    <test started-at="2022-09-17T09:29:28 EET" name="C:/Users/Esraa Nader/IdeaProjects/AutomationPractice" finished-at="2022-09-17T09:31:52 EET" duration-ms="144145">
      <class name="AutomationPracticeTCs.SignInValidation">
        <test-method is-config="true" signature="openURL()[pri:0, instance:AutomationPracticeTCs.SignInValidation@6b26e945]" started-at="2022-09-17T09:29:52 EET" name="openURL" finished-at="2022-09-17T09:30:12 EET" duration-ms="19988" status="PASS">
          <reporter-output>
          </reporter-output>
        </test-method> <!-- openURL -->
        <test-method signature="SignIn()[pri:1, instance:AutomationPracticeTCs.SignInValidation@6b26e945]" started-at="2022-09-17T09:31:42 EET" name="SignIn" finished-at="2022-09-17T09:31:46 EET" duration-ms="4675" status="PASS">
          <reporter-output>
          </reporter-output>
        </test-method> <!-- SignIn -->
        <test-method signature="CreateAccount()[pri:2, instance:AutomationPracticeTCs.SignInValidation@6b26e945]" started-at="2022-09-17T09:31:46 EET" name="CreateAccount" finished-at="2022-09-17T09:31:49 EET" duration-ms="2434" status="PASS">
          <reporter-output>
          </reporter-output>
        </test-method> <!-- CreateAccount -->
        <test-method is-config="true" signature="closeBrowser()[pri:0, instance:AutomationPracticeTCs.SignInValidation@6b26e945]" started-at="2022-09-17T09:31:51 EET" name="closeBrowser" finished-at="2022-09-17T09:31:52 EET" duration-ms="1152" status="PASS">
          <reporter-output>
          </reporter-output>
        </test-method> <!-- closeBrowser -->
      </class> <!-- AutomationPracticeTCs.SignInValidation -->
      <class name="AutomationPracticeTCs.MandatoryFieldsValidation">
        <test-method is-config="true" signature="openURL()[pri:0, instance:AutomationPracticeTCs.MandatoryFieldsValidation@4df50bcc]" started-at="2022-09-17T09:29:38 EET" name="openURL" finished-at="2022-09-17T09:29:52 EET" duration-ms="13651" status="PASS">
          <reporter-output>
          </reporter-output>
        </test-method> <!-- openURL -->
        <test-method signature="SignIn()[pri:1, instance:AutomationPracticeTCs.MandatoryFieldsValidation@4df50bcc]" started-at="2022-09-17T09:31:26 EET" name="SignIn" finished-at="2022-09-17T09:31:35 EET" duration-ms="8265" status="PASS">
          <reporter-output>
          </reporter-output>
        </test-method> <!-- SignIn -->
        <test-method signature="CreateAccount()[pri:2, instance:AutomationPracticeTCs.MandatoryFieldsValidation@4df50bcc]" started-at="2022-09-17T09:31:35 EET" name="CreateAccount" finished-at="2022-09-17T09:31:35 EET" duration-ms="284" status="PASS">
          <reporter-output>
          </reporter-output>
        </test-method> <!-- CreateAccount -->
        <test-method signature="SetPersonalInfo()[pri:3, instance:AutomationPracticeTCs.MandatoryFieldsValidation@4df50bcc]" started-at="2022-09-17T09:31:35 EET" name="SetPersonalInfo" finished-at="2022-09-17T09:31:42 EET" duration-ms="6583" status="PASS">
          <reporter-output>
          </reporter-output>
        </test-method> <!-- SetPersonalInfo -->
        <test-method is-config="true" signature="closeBrowser()[pri:0, instance:AutomationPracticeTCs.MandatoryFieldsValidation@4df50bcc]" started-at="2022-09-17T09:31:50 EET" name="closeBrowser" finished-at="2022-09-17T09:31:51 EET" duration-ms="1057" status="PASS">
          <reporter-output>
          </reporter-output>
        </test-method> <!-- closeBrowser -->
      </class> <!-- AutomationPracticeTCs.MandatoryFieldsValidation -->
      <class name="AutomationPracticeTCs.EndToEndScenario">
        <test-method is-config="true" signature="openURL()[pri:0, instance:AutomationPracticeTCs.EndToEndScenario@47542153]" started-at="2022-09-17T09:29:28 EET" name="openURL" finished-at="2022-09-17T09:29:38 EET" duration-ms="10665" status="PASS">
          <reporter-output>
          </reporter-output>
        </test-method> <!-- openURL -->
        <test-method signature="SignIn()[pri:1, instance:AutomationPracticeTCs.EndToEndScenario@47542153]" started-at="2022-09-17T09:30:12 EET" name="SignIn" finished-at="2022-09-17T09:30:16 EET" duration-ms="3908" status="PASS">
          <reporter-output>
          </reporter-output>
        </test-method> <!-- SignIn -->
        <test-method signature="CreateAccount()[pri:2, instance:AutomationPracticeTCs.EndToEndScenario@47542153]" started-at="2022-09-17T09:30:16 EET" name="CreateAccount" finished-at="2022-09-17T09:30:16 EET" duration-ms="385" status="PASS">
          <reporter-output>
          </reporter-output>
        </test-method> <!-- CreateAccount -->
        <test-method signature="SetPersonalInfo()[pri:3, instance:AutomationPracticeTCs.EndToEndScenario@47542153]" started-at="2022-09-17T09:30:16 EET" name="SetPersonalInfo" finished-at="2022-09-17T09:30:24 EET" duration-ms="7743" status="PASS">
          <reporter-output>
          </reporter-output>
        </test-method> <!-- SetPersonalInfo -->
        <test-method signature="SelectWomenMenu()[pri:4, instance:AutomationPracticeTCs.EndToEndScenario@47542153]" started-at="2022-09-17T09:30:24 EET" name="SelectWomenMenu" finished-at="2022-09-17T09:30:35 EET" duration-ms="10563" status="PASS">
          <reporter-output>
          </reporter-output>
        </test-method> <!-- SelectWomenMenu -->
        <test-method signature="AddToCartPage()[pri:5, instance:AutomationPracticeTCs.EndToEndScenario@47542153]" started-at="2022-09-17T09:30:35 EET" name="AddToCartPage" finished-at="2022-09-17T09:30:48 EET" duration-ms="13182" status="PASS">
          <reporter-output>
          </reporter-output>
        </test-method> <!-- AddToCartPage -->
        <test-method signature="CheckOut()[pri:6, instance:AutomationPracticeTCs.EndToEndScenario@47542153]" started-at="2022-09-17T09:30:48 EET" name="CheckOut" finished-at="2022-09-17T09:30:55 EET" duration-ms="6578" status="PASS">
          <reporter-output>
          </reporter-output>
        </test-method> <!-- CheckOut -->
        <test-method signature="DeliveryAddress()[pri:7, instance:AutomationPracticeTCs.EndToEndScenario@47542153]" started-at="2022-09-17T09:30:55 EET" name="DeliveryAddress" finished-at="2022-09-17T09:31:01 EET" duration-ms="6351" status="PASS">
          <reporter-output>
          </reporter-output>
        </test-method> <!-- DeliveryAddress -->
        <test-method signature="Shipment()[pri:8, instance:AutomationPracticeTCs.EndToEndScenario@47542153]" started-at="2022-09-17T09:31:01 EET" name="Shipment" finished-at="2022-09-17T09:31:06 EET" duration-ms="5061" status="PASS">
          <reporter-output>
          </reporter-output>
        </test-method> <!-- Shipment -->
        <test-method signature="BankPay()[pri:9, instance:AutomationPracticeTCs.EndToEndScenario@47542153]" started-at="2022-09-17T09:31:06 EET" name="BankPay" finished-at="2022-09-17T09:31:11 EET" duration-ms="4858" status="PASS">
          <reporter-output>
          </reporter-output>
        </test-method> <!-- BankPay -->
        <test-method signature="OrderSummary()[pri:10, instance:AutomationPracticeTCs.EndToEndScenario@47542153]" started-at="2022-09-17T09:31:11 EET" name="OrderSummary" finished-at="2022-09-17T09:31:19 EET" duration-ms="8279" status="PASS">
          <reporter-output>
          </reporter-output>
        </test-method> <!-- OrderSummary -->
        <test-method signature="ConfirmPayment()[pri:11, instance:AutomationPracticeTCs.EndToEndScenario@47542153]" started-at="2022-09-17T09:31:19 EET" name="ConfirmPayment" finished-at="2022-09-17T09:31:26 EET" duration-ms="7201" status="PASS">
          <reporter-output>
          </reporter-output>
        </test-method> <!-- ConfirmPayment -->
        <test-method signature="OrderHistory()[pri:12, instance:AutomationPracticeTCs.EndToEndScenario@47542153]" started-at="2022-09-17T09:31:26 EET" name="OrderHistory" finished-at="2022-09-17T09:31:26 EET" duration-ms="129" status="PASS">
          <reporter-output>
          </reporter-output>
        </test-method> <!-- OrderHistory -->
        <test-method is-config="true" signature="closeBrowser()[pri:0, instance:AutomationPracticeTCs.EndToEndScenario@47542153]" started-at="2022-09-17T09:31:49 EET" name="closeBrowser" finished-at="2022-09-17T09:31:50 EET" duration-ms="1055" status="PASS">
          <reporter-output>
          </reporter-output>
        </test-method> <!-- closeBrowser -->
      </class> <!-- AutomationPracticeTCs.EndToEndScenario -->
    </test> <!-- C:/Users/Esraa Nader/IdeaProjects/AutomationPractice -->
  </suite> <!-- All Test Suite -->
</testng-results>
