<?xml version="1.0" encoding="UTF-8"?>
<testng-results ignored="0" total="11" passed="11" failed="0" skipped="0">
  <reporter-output>
  </reporter-output>
  <suite started-at="2022-09-15T09:06:48 EET" name="Default Suite" finished-at="2022-09-15T09:10:28 EET" duration-ms="220130">
    <groups>
    </groups>
    <test started-at="2022-09-15T09:06:48 EET" name="AutomationPractice" finished-at="2022-09-15T09:10:28 EET" duration-ms="220130">
      <class name="AutomationPracticeTCs.E2EScenario">
        <test-method is-config="true" signature="openURL()[pri:0, instance:AutomationPracticeTCs.E2EScenario@3c87521]" started-at="2022-09-15T09:06:48 EET" name="openURL" finished-at="2022-09-15T09:07:04 EET" duration-ms="16703" status="PASS">
          <reporter-output>
          </reporter-output>
        </test-method> <!-- openURL -->
        <test-method signature="SignIn()[pri:1, instance:AutomationPracticeTCs.E2EScenario@3c87521]" started-at="2022-09-15T09:07:04 EET" name="SignIn" finished-at="2022-09-15T09:07:07 EET" duration-ms="2831" status="PASS">
          <reporter-output>
          </reporter-output>
        </test-method> <!-- SignIn -->
        <test-method signature="CreateAccount()[pri:2, instance:AutomationPracticeTCs.E2EScenario@3c87521]" started-at="2022-09-15T09:07:07 EET" name="CreateAccount" finished-at="2022-09-15T09:07:08 EET" duration-ms="298" status="PASS">
          <reporter-output>
          </reporter-output>
        </test-method> <!-- CreateAccount -->
        <test-method signature="SetPersonalInfo()[pri:3, instance:AutomationPracticeTCs.E2EScenario@3c87521]" started-at="2022-09-15T09:07:08 EET" name="SetPersonalInfo" finished-at="2022-09-15T09:07:33 EET" duration-ms="25276" status="PASS">
          <reporter-output>
          </reporter-output>
        </test-method> <!-- SetPersonalInfo -->
        <test-method signature="SelectWomenMenu()[pri:4, instance:AutomationPracticeTCs.E2EScenario@3c87521]" started-at="2022-09-15T09:07:33 EET" name="SelectWomenMenu" finished-at="2022-09-15T09:07:44 EET" duration-ms="11049" status="PASS">
          <reporter-output>
          </reporter-output>
        </test-method> <!-- SelectWomenMenu -->
        <test-method signature="AddToCartPage()[pri:5, instance:AutomationPracticeTCs.E2EScenario@3c87521]" started-at="2022-09-15T09:07:44 EET" name="AddToCartPage" finished-at="2022-09-15T09:08:13 EET" duration-ms="29488" status="PASS">
          <reporter-output>
          </reporter-output>
        </test-method> <!-- AddToCartPage -->
        <test-method signature="CheckOut()[pri:6, instance:AutomationPracticeTCs.E2EScenario@3c87521]" started-at="2022-09-15T09:08:13 EET" name="CheckOut" finished-at="2022-09-15T09:08:35 EET" duration-ms="21707" status="PASS">
          <reporter-output>
          </reporter-output>
        </test-method> <!-- CheckOut -->
        <test-method signature="DeliveryAdress()[pri:7, instance:AutomationPracticeTCs.E2EScenario@3c87521]" started-at="2022-09-15T09:08:35 EET" name="DeliveryAdress" finished-at="2022-09-15T09:08:57 EET" duration-ms="21808" status="PASS">
          <reporter-output>
          </reporter-output>
        </test-method> <!-- DeliveryAdress -->
        <test-method signature="Shipment()[pri:8, instance:AutomationPracticeTCs.E2EScenario@3c87521]" started-at="2022-09-15T09:08:57 EET" name="Shipment" finished-at="2022-09-15T09:09:20 EET" duration-ms="22847" status="PASS">
          <reporter-output>
          </reporter-output>
        </test-method> <!-- Shipment -->
        <test-method signature="BankPay()[pri:9, instance:AutomationPracticeTCs.E2EScenario@3c87521]" started-at="2022-09-15T09:09:20 EET" name="BankPay" finished-at="2022-09-15T09:09:42 EET" duration-ms="21770" status="PASS">
          <reporter-output>
          </reporter-output>
        </test-method> <!-- BankPay -->
        <test-method signature="OrderSummary()[pri:10, instance:AutomationPracticeTCs.E2EScenario@3c87521]" started-at="2022-09-15T09:09:42 EET" name="OrderSummary" finished-at="2022-09-15T09:10:05 EET" duration-ms="23830" status="PASS">
          <reporter-output>
          </reporter-output>
        </test-method> <!-- OrderSummary -->
        <test-method signature="ConfirmPayment()[pri:11, instance:AutomationPracticeTCs.E2EScenario@3c87521]" started-at="2022-09-15T09:10:05 EET" name="ConfirmPayment" finished-at="2022-09-15T09:10:28 EET" duration-ms="22429" status="PASS">
          <reporter-output>
          </reporter-output>
        </test-method> <!-- ConfirmPayment -->
      </class> <!-- AutomationPracticeTCs.E2EScenario -->
    </test> <!-- AutomationPractice -->
  </suite> <!-- Default Suite -->
</testng-results>
